<?xml version="1.0" encoding="UTF-8"?>
<!-- Generated by org.testng.reporters.JUnitReportReporter -->
<testsuite skipped="0" hostname="Lenovo-PC" name="Assignment.Exceution" tests="5" failures="0" timestamp="09 Jan 2020 07:44:00 GMT" time="0.045" errors="0">
  <testcase name="Demo4" time="0.037" classname="Assignment.Exceution"/>
  <testcase name="Demo4" time="0.002" classname="Assignment.Exceution"/>
  <testcase name="Demo2" time="0.002" classname="Assignment.Exceution"/>
  <testcase name="Demo2" time="0.002" classname="Assignment.Exceution"/>
  <testcase name="Demo2" time="0.002" classname="Assignment.Exceution"/>
</testsuite> <!-- Assignment.Exceution -->
