<?xml version="1.0" encoding="UTF-8"?>
<!-- Generated by org.testng.reporters.JUnitReportReporter -->
<testsuite skipped="0" hostname="Lenovo-PC" name="Assignment.EmpData" tests="1" failures="0" timestamp="17 Jan 2020 15:14:41 GMT" time="1.686" errors="0">
  <testcase name="EmpData" time="1.686" classname="Assignment.EmpData"/>
</testsuite> <!-- Assignment.EmpData -->
