<?xml version="1.0" encoding="UTF-8"?>
<!-- Generated by org.testng.reporters.JUnitReportReporter -->
<testsuite skipped="0" hostname="Lenovo-PC" name="FlowofAnnotation" tests="4" failures="0" timestamp="08 Jan 2020 08:01:11 GMT" time="0.047" errors="0">
  <testcase name="Demo3" time="0.002" classname="FlowofAnnotation"/>
  <testcase name="Demo" time="0.003" classname="FlowofAnnotation"/>
  <testcase name="Demo1" time="0.034" classname="FlowofAnnotation"/>
  <testcase name="Demo2" time="0.008" classname="FlowofAnnotation"/>
</testsuite> <!-- FlowofAnnotation -->
