<?xml version="1.0" encoding="UTF-8"?>
<!-- Generated by org.testng.reporters.JUnitReportReporter -->
<testsuite skipped="0" hostname="Lenovo-PC" name="Assignment.Scenario7" tests="1" failures="0" timestamp="06 Jan 2020 08:12:32 GMT" time="109.776" errors="0">
  <testcase name="Demo" time="109.776" classname="Assignment.Scenario7"/>
</testsuite> <!-- Assignment.Scenario7 -->
