<?xml version="1.0" encoding="UTF-8"?>
<!-- Generated by org.testng.reporters.JUnitReportReporter -->
<testsuite skipped="0" hostname="Lenovo-PC" name="Assignment.Scenario8" tests="1" failures="0" timestamp="05 Jan 2020 08:38:37 GMT" time="384.942" errors="0">
  <testcase name="Demo" time="384.942" classname="Assignment.Scenario8"/>
</testsuite> <!-- Assignment.Scenario8 -->
