<?xml version="1.0" encoding="UTF-8"?>
<!-- Generated by org.testng.reporters.JUnitReportReporter -->
<testsuite skipped="0" hostname="Lenovo-PC" name="Assignment.Scenario11" tests="1" failures="0" timestamp="05 Jan 2020 08:22:35 GMT" time="2226.095" errors="0">
  <testcase name="Demo" time="2226.095" classname="Assignment.Scenario11"/>
</testsuite> <!-- Assignment.Scenario11 -->
