<?xml version="1.0" encoding="UTF-8"?>
<!-- Generated by org.testng.reporters.JUnitReportReporter -->
<testsuite skipped="0" hostname="Lenovo-PC" name="Dataprovider" tests="4" failures="0" timestamp="12 Mar 2020 19:15:50 GMT" time="0.033" errors="0">
  <testcase name="createUser" time="0.001" classname="Dataprovider"/>
  <testcase name="createUser" time="0.028" classname="Dataprovider"/>
  <testcase name="createUser" time="0.002" classname="Dataprovider"/>
  <testcase name="createUser" time="0.002" classname="Dataprovider"/>
</testsuite> <!-- Dataprovider -->
