<?xml version="1.0" encoding="UTF-8"?>
<!-- Generated by org.testng.reporters.JUnitReportReporter -->
<testsuite skipped="0" hostname="Lenovo-PC" name="GroupAnnotation" tests="7" failures="0" timestamp="08 Jan 2020 07:57:30 GMT" time="0.026" errors="0">
  <testcase name="Demo5" time="0.001" classname="GroupAnnotation"/>
  <testcase name="Demo3" time="0.001" classname="GroupAnnotation"/>
  <testcase name="Demo6" time="0.018" classname="GroupAnnotation"/>
  <testcase name="Demo1" time="0.001" classname="GroupAnnotation"/>
  <testcase name="Demo2" time="0.002" classname="GroupAnnotation"/>
  <testcase name="Demo" time="0.001" classname="GroupAnnotation"/>
  <testcase name="Demo4" time="0.002" classname="GroupAnnotation"/>
</testsuite> <!-- GroupAnnotation -->
