<?xml version="1.0" encoding="UTF-8"?>
<!-- Generated by org.testng.reporters.JUnitReportReporter -->
<testsuite skipped="0" hostname="Lenovo-PC" name="TestNGDemo" tests="2" failures="0" timestamp="05 Mar 2020 18:33:09 GMT" time="135.421" errors="0">
  <testcase name="demo" time="62.239" classname="TestNGDemo"/>
  <testcase name="demo1" time="73.182" classname="TestNGDemo"/>
</testsuite> <!-- TestNGDemo -->
