<?xml version="1.0" encoding="UTF-8"?>
<!-- Generated by org.testng.reporters.JUnitReportReporter -->
<testsuite skipped="0" hostname="Lenovo-PC" name="TestNGDemo" tests="2" failures="0" timestamp="06 Jan 2020 08:57:24 GMT" time="39.052" errors="0">
  <testcase name="demo" time="14.234" classname="TestNGDemo"/>
  <testcase name="demo1" time="24.818" classname="TestNGDemo"/>
</testsuite> <!-- TestNGDemo -->
