<?xml version="1.0" encoding="UTF-8"?>
<!-- Generated by org.testng.reporters.JUnitReportReporter -->
<testsuite skipped="0" hostname="Lenovo-PC" name="Assignment.Scenario20" tests="1" failures="0" timestamp="07 Jan 2020 10:37:10 GMT" time="22.550" errors="0">
  <testcase name="Sen" time="22.550" classname="Assignment.Scenario20"/>
</testsuite> <!-- Assignment.Scenario20 -->
