<?xml version="1.0" encoding="UTF-8"?>
<!-- Generated by org.testng.reporters.JUnitReportReporter -->
<testsuite skipped="0" hostname="Lenovo-PC" name="Assignment.Yatra" tests="1" failures="0" timestamp="05 Jan 2020 15:09:57 GMT" time="6.943" errors="0">
  <testcase name="Yatra" time="6.943" classname="Assignment.Yatra"/>
</testsuite> <!-- Assignment.Yatra -->
