<?xml version="1.0" encoding="UTF-8"?>
<!-- Generated by org.testng.reporters.JUnitReportReporter -->
<testsuite skipped="0" hostname="Lenovo-PC" name="Assignment.Scenario6" tests="1" failures="0" timestamp="06 Jan 2020 16:47:39 GMT" time="72.196" errors="0">
  <testcase name="Demo" time="72.196" classname="Assignment.Scenario6"/>
</testsuite> <!-- Assignment.Scenario6 -->
